go2023/08/11 15:52:38 hello world[go] - 2023/08/20 21:29:51 [Grading Service] - Failed to deregister service. Registry service responded with code 500

[go] - 2023/08/20 23:21:04 [Grading Service] - EOF

[go] - 2023/08/20 23:21:04 [Portal Service] - Error retrieving students:  EOF

[go] - 2023/08/20 23:21:07 [Grading Service] - EOF

[go] - 2023/08/20 23:21:07 [Portal Service] - Error retrieving students:  EOF

[go] - 2023/08/20 23:21:08 [Grading Service] - EOF

[go] - 2023/08/20 23:21:08 [Portal Service] - Error retrieving students:  EOF

[go] - 2023/08/20 23:21:11 [Grading Service] - EOF

[go] - 2023/08/20 23:21:11 [Portal Service] - Error retrieving students:  EOF

[go] - 2023/08/20 23:21:13 [Grading Service] - EOF

[go] - 2023/08/20 23:21:13 [Portal Service] - Error retrieving students:  EOF

[go] - 2023/08/20 23:21:14 [Grading Service] - EOF

[go] - 2023/08/20 23:21:14 [Portal Service] - Error retrieving students:  EOF

[go] - 2023/08/20 23:21:16 [Grading Service] - EOF

[go] - 2023/08/20 23:21:16 [Portal Service] - Error retrieving students:  EOF

[go] - 2023/08/20 23:21:17 [Grading Service] - EOF

[go] - 2023/08/20 23:21:17 [Portal Service] - Error retrieving students:  EOF

[go] - 2023/08/20 23:21:19 [Grading Service] - EOF

[go] - 2023/08/20 23:21:19 [Portal Service] - Error retrieving students:  EOF

[go] - 2023/08/20 23:36:57 [Grading Service] - EOF

[go] - 2023/08/20 23:36:57 [Portal Service] - Error retrieving students:  EOF

[go] - 2023/08/20 23:37:34 [Grading Service] - EOF

[go] - 2023/08/20 23:37:34 [Portal Service] - Error retrieving students:  EOF

[go] - 2023/08/20 23:38:13 [Grading Service] - EOF

[go] - 2023/08/20 23:38:13 [Portal Service] - Error retrieving students:  EOF

[go] - 2023/08/20 23:40:09 [Grading Service] - EOF

[go] - 2023/08/20 23:40:09 [Portal Service] - Error retrieving students:  EOF

[go] - 2023/08/20 23:40:11 [Grading Service] - EOF

[go] - 2023/08/20 23:40:11 [Portal Service] - Error retrieving students:  EOF

[go] - 2023/08/20 23:40:13 [Grading Service] - EOF

[go] - 2023/08/20 23:40:13 [Portal Service] - Error retrieving students:  EOF

[go] - 2023/08/20 23:40:13 [Grading Service] - EOF

[go] - 2023/08/20 23:40:13 [Portal Service] - Error retrieving students:  EOF

[go] - 2023/08/20 23:40:13 [Grading Service] - EOF

[go] - 2023/08/20 23:40:13 [Portal Service] - Error retrieving students:  EOF

[go] - 2023/08/20 23:40:20 [Grading Service] - EOF

[go] - 2023/08/20 23:40:20 [Portal Service] - Error retrieving students:  EOF

[go] - 2023/08/20 23:40:24 [Grading Service] - EOF

[go] - 2023/08/20 23:40:24 [Portal Service] - Error retrieving students:  EOF

[go] - 2023/08/20 23:40:24 [Grading Service] - EOF

[go] - 2023/08/20 23:40:24 [Portal Service] - Error retrieving students:  EOF

[go] - 2023/08/20 23:42:18 [Grading Service] - EOF

[go] - 2023/08/20 23:42:18 [Portal Service] - Error retrieving students:  EOF

[go] - 2023/08/20 23:42:19 [Grading Service] - EOF

[go] - 2023/08/20 23:42:19 [Portal Service] - Error retrieving students:  EOF

[go] - 2023/08/20 23:42:19 [Grading Service] - EOF

[go] - 2023/08/20 23:42:19 [Portal Service] - Error retrieving students:  EOF

[go] - 2023/08/20 23:42:19 [Grading Service] - EOF

[go] - 2023/08/20 23:42:19 [Portal Service] - Error retrieving students:  EOF

[go] - 2023/08/20 23:42:19 [Grading Service] - EOF

[go] - 2023/08/20 23:42:19 [Portal Service] - Error retrieving students:  EOF

[go] - 2023/08/20 23:42:24 [Grading Service] - EOF

[go] - 2023/08/20 23:42:24 [Portal Service] - Error retrieving students:  EOF

[go] - 2023/08/20 23:42:26 [Grading Service] - EOF

[go] - 2023/08/20 23:42:26 [Portal Service] - Error retrieving students:  EOF

[go] - 2023/08/20 23:42:26 [Grading Service] - EOF

[go] - 2023/08/20 23:42:26 [Portal Service] - Error retrieving students:  EOF

[go] - 2023/08/20 23:42:26 [Grading Service] - EOF

[go] - 2023/08/20 23:42:26 [Portal Service] - Error retrieving students:  EOF

[go] - 2023/08/20 23:44:13 [Grading Service] - EOF

[go] - 2023/08/20 23:44:13 [Portal Service] - Error retrieving students:  EOF

[go] - 2023/08/20 23:46:10 [Grading Service] - EOF

[go] - 2023/08/20 23:46:10 [Portal Service] - Error retrieving students:  EOF

[go] - 2023/08/20 23:46:20 [Portal Service] - Error retrieving students:  json: cannot unmarshal number into Go value of type grades.Student

[go] - 2023/08/20 23:46:20 [Portal Service] - Error retrieving students:  json: cannot unmarshal number into Go value of type grades.Student

[go] - 2023/08/20 23:46:21 [Portal Service] - Error retrieving students:  json: cannot unmarshal number into Go value of type grades.Student

[go] - 2023/08/20 23:46:21 [Portal Service] - Error retrieving students:  json: cannot unmarshal number into Go value of type grades.Student

[go] - 2023/08/20 23:48:27 [Grading Service] - EOF

[go] - 2023/08/20 23:48:27 [Portal Service] - Error retrieving students:  EOF

[go] - 2023/08/20 23:48:27 [Grading Service] - EOF

[go] - 2023/08/20 23:48:27 [Portal Service] - Error retrieving students:  EOF

[go] - 2023/08/20 23:48:27 [Grading Service] - EOF

[go] - 2023/08/20 23:48:27 [Portal Service] - Error retrieving students:  EOF

[go] - 2023/08/20 23:48:27 [Grading Service] - EOF

[go] - 2023/08/20 23:48:27 [Portal Service] - Error retrieving students:  EOF

[go] - 2023/08/20 23:48:27 [Grading Service] - EOF

[go] - 2023/08/20 23:48:27 [Portal Service] - Error retrieving students:  EOF

[go] - 2023/08/20 23:48:28 [Grading Service] - EOF

[go] - 2023/08/20 23:48:28 [Portal Service] - Error retrieving students:  EOF

[go] - 2023/08/20 23:48:28 [Grading Service] - EOF

[go] - 2023/08/20 23:48:28 [Portal Service] - Error retrieving students:  EOF

[go] - 2023/08/20 23:48:29 [Grading Service] - EOF

[go] - 2023/08/20 23:48:29 [Portal Service] - Error retrieving students:  EOF

[go] - 2023/08/20 23:48:29 [Grading Service] - EOF

[go] - 2023/08/20 23:48:29 [Portal Service] - Error retrieving students:  EOF

[go] - 2023/08/20 23:48:29 [Grading Service] - EOF

[go] - 2023/08/20 23:48:29 [Portal Service] - Error retrieving students:  EOF

[go] - 2023/08/20 23:48:48 [Grading Service] - EOF

[go] - 2023/08/20 23:48:48 [Portal Service] - Error retrieving students:  EOF

[go] - 2023/08/20 23:48:50 [Grading Service] - EOF

[go] - 2023/08/20 23:48:50 [Portal Service] - Error retrieving students:  EOF

[go] - 2023/08/20 23:51:16 [Portal Service] - Failed to parse score:  strconv.ParseFloat: parsing "": invalid syntax

[go] - 2023/08/21 00:18:13 [Portal Service] - Error retrieving students:  Get "http://localhost:6000/students/4": dial tcp [::1]:6000: connect: connection refused

[go] - 2023/08/21 00:18:15 [Portal Service] - Error retrieving students:  Get "http://localhost:6000/students/4": dial tcp [::1]:6000: connect: connection refused

[go] - 2023/08/21 00:26:44 [Grading Service] - Student with ID 6 not found

[go] - 2023/08/21 00:26:44 [Portal Service] - Error retrieving students:  EOF

[go] - 2023/08/21 00:35:53 [Portal Service] - Failed to parse score:  strconv.ParseFloat: parsing "": invalid syntax

